<?xml version="1.0" encoding="UTF-8"?>
<!-- Generated by org.testng.reporters.JUnitReportReporter -->
<testsuite hostname="VPLRDS01" failures="0" tests="2" name="ParallelTest" time="69.850" errors="0" timestamp="2022-12-12T01:07:53 PST" skipped="0">
  <testcase classname="ParallelTest" name="Test1" time="48.316"/>
  <system-out/>
  <testcase classname="ParallelTest" name="Test2" time="21.534"/>
  <system-out/>
</testsuite> <!-- ParallelTest -->
