<?xml version="1.0" encoding="UTF-8"?>
<!-- Generated by org.testng.reporters.JUnitReportReporter -->
<testsuite hostname="VPLRDS01" failures="0" tests="2" name="NewTest" time="36.585" errors="0" timestamp="2022-12-09T05:00:54 PST" skipped="0">
  <testcase classname="NewTest" name="Test1" time="16.001"/>
  <system-out/>
  <testcase classname="NewTest" name="Test2" time="20.584"/>
  <system-out/>
</testsuite> <!-- NewTest -->
