<?xml version="1.0" encoding="UTF-8"?>
<!-- Generated by org.testng.reporters.JUnitReportReporter -->
<testsuite hostname="VPLRDS01" failures="0" tests="2" name="Parallel_test" time="144.003" errors="0" timestamp="2022-12-09T04:09:22 PST" skipped="0">
  <testcase classname="Parallel_test" name="Test2" time="28.676"/>
  <system-out/>
  <testcase classname="Parallel_test" name="Test1" time="115.327"/>
  <system-out/>
</testsuite> <!-- Parallel_test -->
