<?xml version="1.0" encoding="UTF-8"?>
<!-- Generated by org.testng.reporters.JUnitReportReporter -->
<testsuite hostname="VPLRDS01" failures="0" tests="1" name="Visual" time="48.104" errors="0" timestamp="2022-12-11T23:14:38 PST" skipped="0">
  <testcase classname="Visual" name="Test1" time="48.104"/>
  <system-out/>
</testsuite> <!-- Visual -->
