<?xml version="1.0" encoding="UTF-8"?>
<!-- Generated by org.testng.reporters.JUnitReportReporter -->
<testsuite hostname="VPLRDS01" failures="0" tests="1" name="NewTesttet" time="0.013" errors="0" timestamp="2022-11-28T05:48:52 PST" skipped="0">
  <testcase classname="NewTesttet" name="f" time="0.013"/>
  <system-out/>
</testsuite> <!-- NewTesttet -->
