<?xml version="1.0" encoding="UTF-8"?>
<!-- Generated by org.testng.reporters.JUnitReportReporter -->
<testsuite hostname="VPLRDS01" failures="0" tests="1" name="Timeout_Practice" time="18.402" errors="0" timestamp="2022-12-09T03:55:43 PST" skipped="0">
  <testcase classname="Timeout_Practice" name="Test1" time="18.402"/>
  <system-out/>
</testsuite> <!-- Timeout_Practice -->
