<?xml version="1.0" encoding="UTF-8"?>
<!-- Generated by org.testng.reporters.JUnitReportReporter -->
<testsuite hostname="VPLRDS01" failures="0" tests="1" name="VisualValidations" time="47.671" errors="0" timestamp="2022-12-12T00:03:46 PST" skipped="0">
  <testcase classname="VisualValidations" name="Test1" time="47.671"/>
  <system-out/>
</testsuite> <!-- VisualValidations -->
