<?xml version="1.0" encoding="UTF-8"?>
<!-- Generated by org.testng.reporters.JUnitReportReporter -->
<testsuite hostname="VPLRDS01" failures="0" tests="2" name="NewTest" time="41.595" errors="0" timestamp="2022-12-09T09:13:58 PST" skipped="0">
  <testcase classname="NewTest" name="Test1" time="20.637"/>
  <system-out/>
  <testcase classname="NewTest" name="Test2" time="20.958"/>
  <system-out/>
</testsuite> <!-- NewTest -->
