<?xml version="1.0" encoding="UTF-8"?>
<!-- Generated by org.testng.reporters.JUnitReportReporter -->
<testsuite hostname="VPLRDS01" failures="0" tests="2" name="NewTest11" time="1.018" errors="0" timestamp="2022-11-28T05:53:17 PST" skipped="0">
  <testcase classname="NewTest11" name="f" time="1.010"/>
  <system-out/>
  <testcase classname="NewTest11" name="f1" time="0.008"/>
  <system-out/>
</testsuite> <!-- NewTest11 -->
