<?xml version="1.0" encoding="UTF-8"?>
<!-- Generated by org.testng.reporters.JUnitReportReporter -->
<testsuite hostname="VPLRDS01" failures="0" tests="2" name="Serial_test" time="43.499" errors="0" timestamp="2022-12-09T03:57:21 PST" skipped="0">
  <testcase classname="Serial_test" name="Test2" time="21.645"/>
  <system-out/>
  <testcase classname="Serial_test" name="Test1" time="21.854"/>
  <system-out/>
</testsuite> <!-- Serial_test -->
